<?xml version="1.0" encoding="UTF-8"?>
<testsuite xmlns:xsi="http://www.w3.org/2001/XMLSchema-instance" xsi:noNamespaceSchemaLocation="https://maven.apache.org/surefire/maven-surefire-plugin/xsd/surefire-test-report.xsd" name="com.lwj.schedule.ScheduleApplicationTests" time="20.046" tests="2" errors="0" skipped="0" failures="0">
  <properties>
[...]
</properties>
  <testcase name="testtPeriod" classname="com.lwj.schedule.ScheduleApplicationTests" time="1.376"/>
  <testcase name="contextLoads" classname="com.lwj.schedule.ScheduleApplicationTests" time="0.165"/>
</testsuite>